/panfs/panasas01/cosc/ak16625/.bash_profile: line 16: T: command not found
/panfs/panasas01/cosc/ak16625/.bash_profile: line 18: alias: mpirun -np 4 ./stencil: not found
Running on host node31-029
Time is Sat Dec 8 14:34:41 GMT 2018
Directory is /panfs/panasas01/cosc/ak16625/High-Performance-Computing
PBS job ID is 7795601.master.cm.cluster
Current processor identifier: 0 out of 1------------------------------------
 runtime: 0.099026 s
------------------------------------
*** glibc detected *** ./stencil: double free or corruption (out): 0x00002aaaac8ba040 ***
======= Backtrace: =========
/lib64/libc.so.6(+0x75e66)[0x2aaaac598e66]
/lib64/libc.so.6(+0x789b3)[0x2aaaac59b9b3]
./stencil[0x401ad1]
/lib64/libc.so.6(__libc_start_main+0xfd)[0x2aaaac541d5d]
./stencil[0x4010d9]
======= Memory map: ========
00400000-00408000 r-xp 00000000 00:14 2101201750                         /panfs/panasas01/cosc/ak16625/High-Performance-Computing/stencil
00607000-00608000 rw-p 00007000 00:14 2101201750                         /panfs/panasas01/cosc/ak16625/High-Performance-Computing/stencil
00608000-00630000 rw-p 00000000 00:00 0                                  [heap]
2aaaaaaab000-2aaaaaacb000 r-xp 00000000 08:01 744159                     /lib64/ld-2.12.so
2aaaaaacb000-2aaaaaacc000 r-xp 00000000 00:00 0                          [vdso]
2aaaaaacc000-2aaaaaace000 rw-p 00000000 00:00 0 
2aaaaacca000-2aaaaaccb000 r--p 0001f000 08:01 744159                     /lib64/ld-2.12.so
2aaaaaccb000-2aaaaaccc000 rw-p 00020000 08:01 744159                     /lib64/ld-2.12.so
2aaaaaccc000-2aaaaaccd000 rw-p 00000000 00:00 0 
2aaaaaccd000-2aaaaae41000 r-xp 00000000 00:13 20203617                   /cm/shared/languages/Intel-Compiler-XE-16-U2/compilers_and_libraries_2016.2.181/linux/mpi/intel64/lib/libmpifort.so.12.0
2aaaaae41000-2aaaab040000 ---p 00174000 00:13 20203617                   /cm/shared/languages/Intel-Compiler-XE-16-U2/compilers_and_libraries_2016.2.181/linux/mpi/intel64/lib/libmpifort.so.12.0
2aaaab040000-2aaaab047000 rw-p 00173000 00:13 20203617                   /cm/shared/languages/Intel-Compiler-XE-16-U2/compilers_and_libraries_2016.2.181/linux/mpi/intel64/lib/libmpifort.so.12.0
2aaaab047000-2aaaab06b000 rw-p 00000000 00:00 0 
2aaaab06b000-2aaaab5b4000 r-xp 00000000 00:13 20209668                   /cm/shared/languages/Intel-Compiler-XE-16-U2/compilers_and_libraries_2016.2.181/linux/mpi/intel64/lib/release_mt/libmpi.so.12.0
2aaaab5b4000-2aaaab7b4000 ---p 00549000 00:13 20209668                   /cm/shared/languages/Intel-Compiler-XE-16-U2/compilers_and_libraries_2016.2.181/linux/mpi/intel64/lib/release_mt/libmpi.so.12.0
2aaaab7b4000-2aaaab7e7000 rw-p 00549000 00:13 20209668                   /cm/shared/languages/Intel-Compiler-XE-16-U2/compilers_and_libraries_2016.2.181/linux/mpi/intel64/lib/release_mt/libmpi.so.12.0
2aaaab7e7000-2aaaab83a000 rw-p 00000000 00:00 0 
2aaaab851000-2aaaab852000 rw-p 00000000 00:00 0 
2aaaab852000-2aaaab854000 r-xp 00000000 08:01 744186                     /lib64/libdl-2.12.so
2aaaab854000-2aaaaba54000 ---p 00002000 08:01 744186                     /lib64/libdl-2.12.so
2aaaaba54000-2aaaaba55000 r--p 00002000 08:01 744186                     /lib64/libdl-2.12.so
2aaaaba55000-2aaaaba56000 rw-p 00003000 08:01 744186                     /lib64/libdl-2.12.so
2aaaaba56000-2aaaaba5d000 r-xp 00000000 08:01 744260                     /lib64/librt-2.12.so
2aaaaba5d000-2aaaabc5c000 ---p 00007000 08:01 744260                     /lib64/librt-2.12.so
2aaaabc5c000-2aaaabc5d000 r--p 00006000 08:01 744260                     /lib64/librt-2.12.so
2aaaabc5d000-2aaaabc5e000 rw-p 00007000 08:01 744260                     /lib64/librt-2.12.so
2aaaabc5e000-2aaaabc75000 r-xp 00000000 08:01 744256                     /lib64/libpthread-2.12.so
2aaaabc75000-2aaaabe75000 ---p 00017000 08:01 744256                     /lib64/libpthread-2.12.so
2aaaabe75000-2aaaabe76000 r--p 00017000 08:01 744256                     /lib64/libpthread-2.12.so
2aaaabe76000-2aaaabe77000 rw-p 00018000 08:01 744256                     /lib64/libpthread-2.12.so
2aaaabe77000-2aaaabe7c000 rw-p 00000000 00:00 0 
2aaaabe7c000-2aaaabeff000 r-xp 00000000 08:01 744224                     /lib64/libm-2.12.so
2aaaabeff000-2aaaac0fe000 ---p 00083000 08:01 744224                     /lib64/libm-2.12.so
2aaaac0fe000-2aaaac0ff000 r--p 00082000 08:01 744224                     /lib64/libm-2.12.so
2aaaac0ff000-2aaaac100000 rw-p 00083000 08:01 744224                     /lib64/libm-2.12.so
2aaaac100000-2aaaac10a000 r-xp 00000000 00:13 17999932                   /cm/shared/languages/Intel-Compiler-XE-16-U2/compilers_and_libraries_2016.2.181/linux/compiler/lib/intel64_lin/libiompstubs5.so
2aaaac10a000-2aaaac30a000 ---p 0000a000 00:13 17999932                   /cm/shared/languages/Intel-Compiler-XE-16-U2/compilers_and_libraries_2016.2.181/linux/compiler/lib/intel64_lin/libiompstubs5.so
2aaaac30a000-2aaaac30b000 r--p 0000a000 00:13 17999932                   /cm/shared/languages/Intel-Compiler-XE-16-U2/compilers_and_libraries_2016.2.181/linux/compiler/lib/intel64_lin/libiompstubs5.so
2aaaac30b000-2aaaac30c000 rw-p 0000b000 00:13 17999932                   /cm/shared/languages/Intel-Compiler-XE-16-U2/compilers_and_libraries_2016.2.181/linux/compiler/lib/intel64_lin/libiompstubs5.so
2aaaac30c000-2aaaac321000 r-xp 00000000 00:13 16640044                   /cm/shared/languages/GCC-4.8.4/lib64/libgcc_s.so.1
2aaaac321000-2aaaac521000 ---p 00015000 00:13 16640044                   /cm/shared/languages/GCC-4.8.4/lib64/libgcc_s.so.1
2aaaac521000-2aaaac522000 rw-p 00015000 00:13 16640044                   /cm/shared/languages/GCC-4.8.4/lib64/libgcc_s.so.1
2aaaac522000-2aaaac523000 rw-p 00000000 00:00 0 
2aaaac523000-2aaaac6ad000 r-xp 00000000 08:01 744172                     /lib64/libc-2.12.so
2aaaac6ad000-2aaaac8ad000 ---p 0018a000 08:01 744172                     /lib64/libc-2.12.so
2aaaac8ad000-2aaaac8b1000 r--p 0018a000 08:01 744172                     /lib64/libc-2.12.so
2aaaac8b1000-2aaaac8b2000 rw-p 0018e000 08:01 744172                     /lib64/libc-2.12.so
2aaaac8b2000-2aaaad8be000 rw-p 00000000 00:00 0 
7ffffffe8000-7ffffffff000 rw-p 00000000 00:00 0                          [stack]
ffffffffff600000-ffffffffff601000 r-xp 00000000 00:00 0                  [vsyscall]
/cm/local/apps/torque/4.2.4.1/spool/mom_priv/jobs/7795601.master.cm.cluster.SC: line 17: 99236 Aborted                 ./stencil 1024 1024 100
